{"/home/jiav/react-certification-2020/src/youtube.js": {"path":"/home/jiav/react-certification-2020/src/youtube.js","statementMap":{"0":{"start":{"line":4,"column":0},"end":{"line":4,"column":16}},"1":{"start":{"line":6,"column":16},"end":{"line":15,"column":2}}},"fnMap":{},"branchMap":{},"s":{"0":1,"1":1},"f":{},"b":{},"_coverageSchema":"43e27e138ebf9cfc5966b082cf9a028302ed4184","hash":"13e2cd20b3819cead688db1ad09aad46d61196b8"}
,"/home/jiav/react-certification-2020/src/components/App/App.component.jsx": {"path":"/home/jiav/react-certification-2020/src/components/App/App.component.jsx","statementMap":{"0":{"start":{"line":16,"column":36},"end":{"line":16,"column":48}},"1":{"start":{"line":17,"column":40},"end":{"line":17,"column":60}},"2":{"start":{"line":19,"column":2},"end":{"line":35,"column":9}},"3":{"start":{"line":20,"column":21},"end":{"line":20,"column":29}},"4":{"start":{"line":23,"column":23},"end":{"line":23,"column":34}},"5":{"start":{"line":24,"column":23},"end":{"line":24,"column":34}},"6":{"start":{"line":25,"column":6},"end":{"line":25,"column":75}},"7":{"start":{"line":28,"column":23},"end":{"line":28,"column":58}},"8":{"start":{"line":29,"column":4},"end":{"line":29,"column":53}},"9":{"start":{"line":31,"column":4},"end":{"line":34,"column":6}},"10":{"start":{"line":32,"column":6},"end":{"line":32,"column":32}},"11":{"start":{"line":33,"column":6},"end":{"line":33,"column":58}},"12":{"start":{"line":37,"column":2},"end":{"line":67,"column":4}}},"fnMap":{"0":{"name":"App","decl":{"start":{"line":15,"column":9},"end":{"line":15,"column":12}},"loc":{"start":{"line":15,"column":15},"end":{"line":68,"column":1}},"line":15},"1":{"name":"(anonymous_1)","decl":{"start":{"line":19,"column":18},"end":{"line":19,"column":19}},"loc":{"start":{"line":19,"column":24},"end":{"line":35,"column":3}},"line":19},"2":{"name":"rotateBackground","decl":{"start":{"line":22,"column":13},"end":{"line":22,"column":29}},"loc":{"start":{"line":22,"column":32},"end":{"line":26,"column":5}},"line":22},"3":{"name":"(anonymous_3)","decl":{"start":{"line":31,"column":11},"end":{"line":31,"column":12}},"loc":{"start":{"line":31,"column":17},"end":{"line":34,"column":5}},"line":31}},"branchMap":{},"s":{"0":0,"1":0,"2":0,"3":0,"4":0,"5":0,"6":0,"7":0,"8":0,"9":0,"10":0,"11":0,"12":0},"f":{"0":0,"1":0,"2":0,"3":0},"b":{},"hash":"7e59c587d7d249866216c2b4fb4f36b46dd24ec5"}
,"/home/jiav/react-certification-2020/src/components/Header/Header.component.jsx": {"path":"/home/jiav/react-certification-2020/src/components/Header/Header.component.jsx","statementMap":{"0":{"start":{"line":13,"column":15},"end":{"line":75,"column":1}},"1":{"start":{"line":14,"column":20},"end":{"line":14,"column":46}},"2":{"start":{"line":15,"column":31},"end":{"line":15,"column":36}},"3":{"start":{"line":17,"column":16},"end":{"line":17,"column":28}},"4":{"start":{"line":19,"column":34},"end":{"line":19,"column":49}},"5":{"start":{"line":20,"column":28},"end":{"line":20,"column":40}},"6":{"start":{"line":22,"column":29},"end":{"line":26,"column":3}},"7":{"start":{"line":23,"column":4},"end":{"line":25,"column":25}},"8":{"start":{"line":28,"column":28},"end":{"line":30,"column":3}},"9":{"start":{"line":29,"column":4},"end":{"line":29,"column":32}},"10":{"start":{"line":32,"column":23},"end":{"line":36,"column":3}},"11":{"start":{"line":33,"column":4},"end":{"line":33,"column":26}},"12":{"start":{"line":34,"column":4},"end":{"line":34,"column":41}},"13":{"start":{"line":35,"column":4},"end":{"line":35,"column":21}},"14":{"start":{"line":38,"column":2},"end":{"line":74,"column":4}}},"fnMap":{"0":{"name":"(anonymous_0)","decl":{"start":{"line":13,"column":15},"end":{"line":13,"column":16}},"loc":{"start":{"line":13,"column":21},"end":{"line":75,"column":1}},"line":13},"1":{"name":"(anonymous_1)","decl":{"start":{"line":22,"column":29},"end":{"line":22,"column":30}},"loc":{"start":{"line":22,"column":40},"end":{"line":26,"column":3}},"line":22},"2":{"name":"(anonymous_2)","decl":{"start":{"line":28,"column":28},"end":{"line":28,"column":29}},"loc":{"start":{"line":28,"column":39},"end":{"line":30,"column":3}},"line":28},"3":{"name":"(anonymous_3)","decl":{"start":{"line":32,"column":23},"end":{"line":32,"column":24}},"loc":{"start":{"line":32,"column":34},"end":{"line":36,"column":3}},"line":32}},"branchMap":{"0":{"loc":{"start":{"line":23,"column":4},"end":{"line":25,"column":25}},"type":"cond-expr","locations":[{"start":{"line":24,"column":8},"end":{"line":24,"column":26}},{"start":{"line":25,"column":8},"end":{"line":25,"column":25}}],"line":23},"1":{"loc":{"start":{"line":63,"column":25},"end":{"line":63,"column":59}},"type":"cond-expr","locations":[{"start":{"line":63,"column":36},"end":{"line":63,"column":47}},{"start":{"line":63,"column":50},"end":{"line":63,"column":59}}],"line":63}},"s":{"0":1,"1":0,"2":0,"3":0,"4":0,"5":0,"6":0,"7":0,"8":0,"9":0,"10":0,"11":0,"12":0,"13":0,"14":0},"f":{"0":0,"1":0,"2":0,"3":0},"b":{"0":[0,0],"1":[0,0]},"_coverageSchema":"43e27e138ebf9cfc5966b082cf9a028302ed4184","hash":"29bd9df8134e3719fd53ad8b3d14f23fa9fdaaf0"}
,"/home/jiav/react-certification-2020/src/hooks/useFetch.js": {"path":"/home/jiav/react-certification-2020/src/hooks/useFetch.js","statementMap":{"0":{"start":{"line":4,"column":24},"end":{"line":28,"column":1}},"1":{"start":{"line":5,"column":30},"end":{"line":5,"column":42}},"2":{"start":{"line":6,"column":32},"end":{"line":6,"column":47}},"3":{"start":{"line":8,"column":2},"end":{"line":25,"column":23}},"4":{"start":{"line":9,"column":16},"end":{"line":9,"column":82}},"5":{"start":{"line":10,"column":4},"end":{"line":10,"column":21}},"6":{"start":{"line":11,"column":22},"end":{"line":22,"column":5}},"7":{"start":{"line":12,"column":6},"end":{"line":21,"column":7}},"8":{"start":{"line":13,"column":8},"end":{"line":13,"column":25}},"9":{"start":{"line":14,"column":24},"end":{"line":14,"column":44}},"10":{"start":{"line":15,"column":8},"end":{"line":15,"column":38}},"11":{"start":{"line":16,"column":8},"end":{"line":16,"column":40}},"12":{"start":{"line":17,"column":8},"end":{"line":17,"column":26}},"13":{"start":{"line":19,"column":8},"end":{"line":19,"column":27}},"14":{"start":{"line":20,"column":8},"end":{"line":20,"column":26}},"15":{"start":{"line":24,"column":4},"end":{"line":24,"column":16}},"16":{"start":{"line":27,"column":2},"end":{"line":27,"column":27}}},"fnMap":{"0":{"name":"(anonymous_0)","decl":{"start":{"line":4,"column":24},"end":{"line":4,"column":25}},"loc":{"start":{"line":4,"column":44},"end":{"line":28,"column":1}},"line":4},"1":{"name":"(anonymous_1)","decl":{"start":{"line":8,"column":12},"end":{"line":8,"column":13}},"loc":{"start":{"line":8,"column":18},"end":{"line":25,"column":3}},"line":8},"2":{"name":"(anonymous_2)","decl":{"start":{"line":11,"column":22},"end":{"line":11,"column":23}},"loc":{"start":{"line":11,"column":34},"end":{"line":22,"column":5}},"line":11}},"branchMap":{"0":{"loc":{"start":{"line":9,"column":16},"end":{"line":9,"column":82}},"type":"cond-expr","locations":[{"start":{"line":9,"column":24},"end":{"line":9,"column":43}},{"start":{"line":9,"column":46},"end":{"line":9,"column":82}}],"line":9}},"s":{"0":1,"1":1,"2":0,"3":0,"4":0,"5":0,"6":0,"7":0,"8":0,"9":0,"10":0,"11":0,"12":0,"13":0,"14":0,"15":0,"16":0},"f":{"0":1,"1":0,"2":0},"b":{"0":[0,0]},"_coverageSchema":"43e27e138ebf9cfc5966b082cf9a028302ed4184","hash":"2697ee03dcb8120a85f71c62837a18a53b707712"}
,"/home/jiav/react-certification-2020/src/pages/Details/Details.page.jsx": {"path":"/home/jiav/react-certification-2020/src/pages/Details/Details.page.jsx","statementMap":{"0":{"start":{"line":7,"column":15},"end":{"line":12,"column":1}},"1":{"start":{"line":13,"column":16},"end":{"line":16,"column":1}},"2":{"start":{"line":17,"column":14},"end":{"line":20,"column":1}},"3":{"start":{"line":21,"column":22},"end":{"line":24,"column":1}},"4":{"start":{"line":25,"column":20},"end":{"line":67,"column":1}},"5":{"start":{"line":26,"column":20},"end":{"line":26,"column":46}},"6":{"start":{"line":27,"column":38},"end":{"line":27,"column":43}},"7":{"start":{"line":28,"column":22},"end":{"line":28,"column":33}},"8":{"start":{"line":30,"column":14},"end":{"line":30,"column":67}},"9":{"start":{"line":31,"column":28},"end":{"line":31,"column":52}},"10":{"start":{"line":32,"column":2},"end":{"line":66,"column":3}},"11":{"start":{"line":49,"column":12},"end":{"line":62,"column":18}},"12":{"start":{"line":51,"column":64},"end":{"line":51,"column":83}}},"fnMap":{"0":{"name":"(anonymous_0)","decl":{"start":{"line":25,"column":20},"end":{"line":25,"column":21}},"loc":{"start":{"line":25,"column":26},"end":{"line":67,"column":1}},"line":25},"1":{"name":"(anonymous_1)","decl":{"start":{"line":48,"column":54},"end":{"line":48,"column":55}},"loc":{"start":{"line":49,"column":12},"end":{"line":62,"column":18}},"line":49},"2":{"name":"(anonymous_2)","decl":{"start":{"line":51,"column":57},"end":{"line":51,"column":58}},"loc":{"start":{"line":51,"column":63},"end":{"line":51,"column":84}},"line":51}},"branchMap":{"0":{"loc":{"start":{"line":35,"column":9},"end":{"line":44,"column":34}},"type":"cond-expr","locations":[{"start":{"line":36,"column":10},"end":{"line":42,"column":13}},{"start":{"line":44,"column":10},"end":{"line":44,"column":34}}],"line":35},"1":{"loc":{"start":{"line":48,"column":11},"end":{"line":63,"column":12}},"type":"cond-expr","locations":[{"start":{"line":48,"column":21},"end":{"line":48,"column":40}},{"start":{"line":48,"column":43},"end":{"line":63,"column":12}}],"line":48},"2":{"loc":{"start":{"line":49,"column":12},"end":{"line":62,"column":18}},"type":"binary-expr","locations":[{"start":{"line":49,"column":12},"end":{"line":49,"column":39}},{"start":{"line":50,"column":12},"end":{"line":62,"column":18}}],"line":49}},"s":{"0":0,"1":0,"2":0,"3":0,"4":0,"5":0,"6":0,"7":0,"8":0,"9":0,"10":0,"11":0,"12":0},"f":{"0":0,"1":0,"2":0},"b":{"0":[0,0],"1":[0,0],"2":[0,0]},"hash":"95c505f221fc0eed514dae5690aca9125919f140"}
,"/home/jiav/react-certification-2020/src/pages/Details/index.js": {"path":"/home/jiav/react-certification-2020/src/pages/Details/index.js","statementMap":{},"fnMap":{},"branchMap":{},"s":{},"f":{},"b":{},"hash":"7d99fbfbc7e3fc9705e98f7585860872674db44b"}
,"/home/jiav/react-certification-2020/src/pages/Home/Home.page.jsx": {"path":"/home/jiav/react-certification-2020/src/pages/Home/Home.page.jsx","statementMap":{"0":{"start":{"line":9,"column":15},"end":{"line":16,"column":1}},"1":{"start":{"line":18,"column":13},"end":{"line":26,"column":1}},"2":{"start":{"line":28,"column":14},"end":{"line":31,"column":1}},"3":{"start":{"line":34,"column":27},"end":{"line":34,"column":53}},"4":{"start":{"line":35,"column":29},"end":{"line":35,"column":34}},"5":{"start":{"line":36,"column":26},"end":{"line":36,"column":31}},"6":{"start":{"line":38,"column":18},"end":{"line":38,"column":30}},"7":{"start":{"line":39,"column":21},"end":{"line":39,"column":33}},"8":{"start":{"line":40,"column":36},"end":{"line":40,"column":45}},"9":{"start":{"line":42,"column":28},"end":{"line":42,"column":49}},"10":{"start":{"line":45,"column":4},"end":{"line":45,"column":27}},"11":{"start":{"line":46,"column":4},"end":{"line":46,"column":13}},"12":{"start":{"line":47,"column":4},"end":{"line":47,"column":22}},"13":{"start":{"line":50,"column":2},"end":{"line":81,"column":4}},"14":{"start":{"line":71,"column":14},"end":{"line":76,"column":21}},"15":{"start":{"line":72,"column":65},"end":{"line":72,"column":83}}},"fnMap":{"0":{"name":"HomePage","decl":{"start":{"line":33,"column":9},"end":{"line":33,"column":17}},"loc":{"start":{"line":33,"column":20},"end":{"line":82,"column":1}},"line":33},"1":{"name":"deAuthenticate","decl":{"start":{"line":44,"column":11},"end":{"line":44,"column":25}},"loc":{"start":{"line":44,"column":33},"end":{"line":48,"column":3}},"line":44},"2":{"name":"(anonymous_2)","decl":{"start":{"line":70,"column":24},"end":{"line":70,"column":25}},"loc":{"start":{"line":71,"column":14},"end":{"line":76,"column":21}},"line":71},"3":{"name":"(anonymous_3)","decl":{"start":{"line":72,"column":58},"end":{"line":72,"column":59}},"loc":{"start":{"line":72,"column":64},"end":{"line":72,"column":84}},"line":72}},"branchMap":{"0":{"loc":{"start":{"line":53,"column":7},"end":{"line":66,"column":7}},"type":"cond-expr","locations":[{"start":{"line":54,"column":8},"end":{"line":63,"column":11}},{"start":{"line":65,"column":8},"end":{"line":65,"column":44}}],"line":53},"1":{"loc":{"start":{"line":67,"column":7},"end":{"line":78,"column":20}},"type":"cond-expr","locations":[{"start":{"line":68,"column":10},"end":{"line":68,"column":31}},{"start":{"line":69,"column":10},"end":{"line":78,"column":20}}],"line":67}},"s":{"0":0,"1":0,"2":0,"3":0,"4":0,"5":0,"6":0,"7":0,"8":0,"9":0,"10":0,"11":0,"12":0,"13":0,"14":0,"15":0},"f":{"0":0,"1":0,"2":0,"3":0},"b":{"0":[0,0],"1":[0,0]},"hash":"2b97b200f37ee82457f8b7d2740761c889eefbee"}
,"/home/jiav/react-certification-2020/src/providers/Youtube/Youtube.provider.jsx": {"path":"/home/jiav/react-certification-2020/src/providers/Youtube/Youtube.provider.jsx","statementMap":{"0":{"start":{"line":3,"column":30},"end":{"line":3,"column":49}}},"fnMap":{},"branchMap":{},"s":{"0":1},"f":{},"b":{},"_coverageSchema":"43e27e138ebf9cfc5966b082cf9a028302ed4184","hash":"0fda5f6c6935286cfb4621d090e83119155cc86a"}
,"/home/jiav/react-certification-2020/src/providers/Youtube/index.js": {"path":"/home/jiav/react-certification-2020/src/providers/Youtube/index.js","statementMap":{},"fnMap":{},"branchMap":{},"s":{},"f":{},"b":{},"_coverageSchema":"43e27e138ebf9cfc5966b082cf9a028302ed4184","hash":"194c492dccb915d53a219eb60d4ca78994dfe248"}
}
